\BOOKMARK [0][-]{chapter.1}{\376\377\000P\000l\000a\000n\000t\000e\000a\000m\000i\000e\000n\000t\000o\000\040\000d\000e\000l\000\040\000P\000r\000o\000b\000l\000e\000m\000a\000\040\000e\000\040\000H\000i\000p\000\363\000t\000e\000s\000i\000s\000\040\000I\000n\000i\000c\000i\000a\000l}{}% 1
\BOOKMARK [1][-]{section.1.1}{\376\377\000C\000o\000n\000t\000e\000x\000t\000o\000\040\000E\000p\000i\000d\000e\000m\000i\000o\000l\000\363\000g\000i\000c\000o\000\040\000y\000\040\000C\000l\000\355\000n\000i\000c\000o}{chapter.1}% 2
\BOOKMARK [1][-]{section.1.2}{\376\377\000H\000i\000p\000\363\000t\000e\000s\000i\000s\000\040\000I\000n\000i\000c\000i\000a\000l\000\040\000y\000\040\000O\000b\000j\000e\000t\000i\000v\000o\000\040\000P\000r\000i\000m\000a\000r\000i\000o}{chapter.1}% 3
\BOOKMARK [2][-]{subsection.1.2.1}{\376\377\000O\000b\000j\000e\000t\000i\000v\000o\000\040\000P\000r\000i\000m\000a\000r\000i\000o\000\040\000\050\000F\000a\000s\000e\000\040\000I\000n\000i\000c\000i\000a\000l\000\051}{section.1.2}% 4
\BOOKMARK [1][-]{section.1.3}{\376\377\000M\000a\000r\000c\000o\000\040\000d\000e\000\040\000l\000o\000s\000\040\0006\000\040\000P\000a\000s\000o\000s\000:\000\040\000P\000l\000a\000n\000t\000e\000a\000m\000i\000e\000n\000t\000o}{chapter.1}% 5
\BOOKMARK [0][-]{chapter.2}{\376\377\000S\000e\000l\000e\000c\000c\000i\000\363\000n\000\040\000d\000e\000l\000\040\000D\000i\000s\000p\000o\000s\000i\000t\000i\000v\000o\000\040\000W\000e\000a\000r\000a\000b\000l\000e\000\040\000y\000\040\000D\000i\000s\000e\000\361\000o\000\040\000d\000e\000\040\000l\000a\000\040\000C\000o\000h\000o\000r\000t\000e}{}% 6
\BOOKMARK [1][-]{section.2.1}{\376\377\000E\000v\000a\000l\000u\000a\000c\000i\000\363\000n\000\040\000d\000e\000\040\000D\000i\000s\000p\000o\000s\000i\000t\000i\000v\000o\000s\000\040\000W\000e\000a\000r\000a\000b\000l\000e\000s}{chapter.2}% 7
\BOOKMARK [2][-]{subsection.2.1.1}{\376\377\000C\000r\000i\000t\000e\000r\000i\000o\000s\000\040\000d\000e\000\040\000S\000e\000l\000e\000c\000c\000i\000\363\000n}{section.2.1}% 8
\BOOKMARK [2][-]{subsection.2.1.2}{\376\377\000A\000n\000\341\000l\000i\000s\000i\000s\000\040\000C\000o\000m\000p\000a\000r\000a\000t\000i\000v\000o}{section.2.1}% 9
\BOOKMARK [1][-]{section.2.2}{\376\377\000D\000i\000s\000e\000\361\000o\000\040\000d\000e\000\040\000l\000a\000\040\000C\000o\000h\000o\000r\000t\000e}{chapter.2}% 10
\BOOKMARK [2][-]{subsection.2.2.1}{\376\377\000T\000a\000m\000a\000\361\000o\000\040\000M\000u\000e\000s\000t\000r\000a\000l\000\040\000y\000\040\000J\000u\000s\000t\000i\000f\000i\000c\000a\000c\000i\000\363\000n}{section.2.2}% 11
\BOOKMARK [2][-]{subsection.2.2.2}{\376\377\000C\000r\000i\000t\000e\000r\000i\000o\000s\000\040\000d\000e\000\040\000I\000n\000c\000l\000u\000s\000i\000\363\000n\000/\000E\000x\000c\000l\000u\000s\000i\000\363\000n}{section.2.2}% 12
\BOOKMARK [0][-]{chapter.3}{\376\377\000P\000r\000o\000t\000o\000c\000o\000l\000o\000\040\000d\000e\000\040\000C\000o\000n\000v\000o\000c\000a\000t\000o\000r\000i\000a\000,\000\040\000R\000e\000c\000e\000p\000c\000i\000\363\000n\000\040\000y\000\040\000P\000r\000e\000p\000r\000o\000c\000e\000s\000a\000m\000i\000e\000n\000t\000o\000\040\000d\000e\000\040\000D\000a\000t\000o\000s}{}% 13
\BOOKMARK [1][-]{section.3.1}{\376\377\000P\000r\000o\000t\000o\000c\000o\000l\000o\000\040\000d\000e\000\040\000R\000e\000c\000o\000l\000e\000c\000c\000i\000\363\000n\000\040\000d\000e\000\040\000D\000a\000t\000o\000s}{chapter.3}% 14
\BOOKMARK [2][-]{subsection.3.1.1}{\376\377\000D\000i\000s\000e\000\361\000o\000\040\000d\000e\000l\000\040\000P\000r\000o\000t\000o\000c\000o\000l\000o}{section.3.1}% 15
\BOOKMARK [2][-]{subsection.3.1.2}{\376\377\000E\000s\000t\000r\000u\000c\000t\000u\000r\000a\000\040\000d\000e\000\040\000D\000a\000t\000o\000s\000\040\000C\000r\000u\000d\000o\000s}{section.3.1}% 16
\BOOKMARK [1][-]{section.3.2}{\376\377\000P\000i\000p\000e\000l\000i\000n\000e\000\040\000d\000e\000\040\000P\000r\000e\000p\000r\000o\000c\000e\000s\000a\000m\000i\000e\000n\000t\000o}{chapter.3}% 17
\BOOKMARK [2][-]{subsection.3.2.1}{\376\377\000C\000o\000n\000v\000e\000r\000s\000i\000\363\000n\000\040\000X\000M\000L\000\040\000\040\000C\000S\000V}{section.3.2}% 18
\BOOKMARK [2][-]{subsection.3.2.2}{\376\377\000A\000u\000d\000i\000t\000o\000r\000\355\000a\000\040\000d\000e\000\040\000C\000a\000l\000i\000d\000a\000d\000\040\000d\000e\000\040\000D\000a\000t\000o\000s}{section.3.2}% 19
\BOOKMARK [0][-]{chapter.4}{\376\377\000A\000n\000\341\000l\000i\000s\000i\000s\000\040\000E\000x\000p\000l\000o\000r\000a\000t\000o\000r\000i\000o\000\040\000d\000e\000\040\000D\000a\000t\000o\000s\000\040\000\050\000E\000D\000A\000\051\000\040\000y\000\040\000V\000a\000l\000i\000d\000a\000c\000i\000\363\000n\000\040\000d\000e\000l\000\040\000S\000F\000-\0003\0006}{}% 20
\BOOKMARK [1][-]{section.4.1}{\376\377\000C\000a\000r\000a\000c\000t\000e\000r\000i\000z\000a\000c\000i\000\363\000n\000\040\000d\000e\000\040\000V\000a\000r\000i\000a\000b\000l\000e\000s\000\040\000B\000i\000o\000m\000\351\000t\000r\000i\000c\000a\000s}{chapter.4}% 21
\BOOKMARK [2][-]{subsection.4.1.1}{\376\377\000T\000i\000p\000o\000l\000o\000g\000\355\000a\000\040\000y\000\040\000D\000i\000s\000t\000r\000i\000b\000u\000c\000i\000o\000n\000e\000s}{section.4.1}% 22
\BOOKMARK [2][-]{subsection.4.1.2}{\376\377\000G\000r\000\341\000f\000i\000c\000o\000s\000\040\000E\000x\000p\000l\000o\000r\000a\000t\000o\000r\000i\000o\000s}{section.4.1}% 23
\BOOKMARK [1][-]{section.4.2}{\376\377\000V\000a\000l\000i\000d\000a\000c\000i\000\363\000n\000\040\000P\000s\000i\000c\000o\000m\000\351\000t\000r\000i\000c\000a\000\040\000d\000e\000l\000\040\000S\000F\000-\0003\0006}{chapter.4}% 24
\BOOKMARK [2][-]{subsection.4.2.1}{\376\377\000E\000s\000t\000r\000u\000c\000t\000u\000r\000a\000\040\000d\000e\000l\000\040\000C\000u\000e\000s\000t\000i\000o\000n\000a\000r\000i\000o}{section.4.2}% 25
\BOOKMARK [0][-]{chapter.5}{\376\377\000P\000i\000v\000o\000t\000e\000\040\000M\000e\000t\000o\000d\000o\000l\000\363\000g\000i\000c\000o\000:\000\040\000D\000e\000l\000\040\000E\000n\000f\000o\000q\000u\000e\000\040\000S\000u\000p\000e\000r\000v\000i\000s\000a\000d\000o\000\040\000a\000l\000\040\000D\000a\000t\000a\000-\000D\000r\000i\000v\000e\000n}{}% 26
\BOOKMARK [1][-]{section.5.1}{\376\377\000A\000n\000\341\000l\000i\000s\000i\000s\000\040\000d\000e\000\040\000C\000o\000r\000r\000e\000l\000a\000c\000i\000\363\000n\000\040\000S\000F\000-\0003\0006\000\040\000v\000s\000\040\000B\000i\000o\000m\000\351\000t\000r\000i\000c\000o\000s}{chapter.5}% 27
\BOOKMARK [2][-]{subsection.5.1.1}{\376\377\000H\000i\000p\000\363\000t\000e\000s\000i\000s\000\040\000y\000\040\000P\000r\000u\000e\000b\000a\000s\000\040\000I\000n\000i\000c\000i\000a\000l\000e\000s}{section.5.1}% 28
\BOOKMARK [1][-]{section.5.2}{\376\377\000M\000o\000d\000e\000l\000a\000d\000o\000\040\000c\000o\000n\000\040\000R\000e\000d\000e\000s\000\040\000N\000e\000u\000r\000o\000n\000a\000l\000e\000s\000\040\000A\000r\000t\000i\000f\000i\000c\000i\000a\000l\000e\000s\000\040\000\050\000A\000N\000N\000\051}{chapter.5}% 29
\BOOKMARK [2][-]{subsection.5.2.1}{\376\377\000A\000r\000q\000u\000i\000t\000e\000c\000t\000u\000r\000a\000\040\000y\000\040\000E\000n\000t\000r\000e\000n\000a\000m\000i\000e\000n\000t\000o}{section.5.2}% 30
\BOOKMARK [1][-]{section.5.3}{\376\377\000R\000e\000f\000o\000r\000m\000u\000l\000a\000c\000i\000\363\000n\000:\000\040\000N\000u\000e\000v\000o\000\040\000E\000n\000f\000o\000q\000u\000e\000\040\000D\000a\000t\000a\000-\000D\000r\000i\000v\000e\000n}{chapter.5}% 31
\BOOKMARK [2][-]{subsection.5.3.1}{\376\377\000N\000u\000e\000v\000a\000\040\000H\000i\000p\000\363\000t\000e\000s\000i\000s}{section.5.3}% 32
\BOOKMARK [0][-]{chapter.6}{\376\377\000E\000s\000t\000r\000a\000t\000e\000g\000i\000a\000\040\000d\000e\000\040\000I\000m\000p\000u\000t\000a\000c\000i\000\363\000n\000\040\000J\000e\000r\000\341\000r\000q\000u\000i\000c\000a\000\040\000p\000a\000r\000a\000\040\000D\000a\000t\000o\000s\000\040\000F\000a\000l\000t\000a\000n\000t\000e\000s}{}% 33
\BOOKMARK [1][-]{section.6.1}{\376\377\000D\000i\000a\000g\000n\000\363\000s\000t\000i\000c\000o\000\040\000d\000e\000\040\000M\000i\000s\000s\000i\000n\000g\000n\000e\000s\000s}{chapter.6}% 34
\BOOKMARK [2][-]{subsection.6.1.1}{\376\377\000M\000e\000c\000a\000n\000i\000s\000m\000o\000s\000\040\000d\000e\000\040\000D\000a\000t\000o\000s\000\040\000F\000a\000l\000t\000a\000n\000t\000e\000s}{section.6.1}% 35
\BOOKMARK [1][-]{section.6.2}{\376\377\000E\000s\000t\000r\000a\000t\000e\000g\000i\000a\000\040\000d\000e\000\040\000I\000m\000p\000u\000t\000a\000c\000i\000\363\000n\000\040\000J\000e\000r\000\341\000r\000q\000u\000i\000c\000a}{chapter.6}% 36
\BOOKMARK [2][-]{subsection.6.2.1}{\376\377\000P\000r\000i\000n\000c\000i\000p\000i\000o\000s\000\040\000d\000e\000\040\000D\000i\000s\000e\000\361\000o}{section.6.2}% 37
\BOOKMARK [2][-]{subsection.6.2.2}{\376\377\000A\000l\000g\000o\000r\000i\000t\000m\000o\000\040\000d\000e\000\040\000I\000m\000p\000u\000t\000a\000c\000i\000\363\000n}{section.6.2}% 38
\BOOKMARK [2][-]{subsection.6.2.3}{\376\377\000R\000e\000s\000u\000l\000t\000a\000d\000o\000s\000\040\000d\000e\000\040\000I\000m\000p\000u\000t\000a\000c\000i\000\363\000n}{section.6.2}% 39
\BOOKMARK [0][-]{chapter.7}{\376\377\000I\000n\000g\000e\000n\000i\000e\000r\000\355\000a\000\040\000d\000e\000\040\000C\000a\000r\000a\000c\000t\000e\000r\000\355\000s\000t\000i\000c\000a\000s\000:\000\040\000V\000a\000r\000i\000a\000b\000l\000e\000s\000\040\000D\000e\000r\000i\000v\000a\000d\000a\000s\000\040\000c\000o\000n\000\040\000N\000o\000r\000m\000a\000l\000i\000z\000a\000c\000i\000\363\000n\000\040\000A\000n\000t\000r\000o\000p\000o\000m\000\351\000t\000r\000i\000c\000a}{}% 40
\BOOKMARK [1][-]{section.7.1}{\376\377\000P\000r\000o\000b\000l\000e\000m\000a\000\040\000d\000e\000\040\000C\000o\000m\000p\000a\000r\000a\000b\000i\000l\000i\000d\000a\000d\000\040\000I\000n\000t\000e\000r\000-\000S\000u\000j\000e\000t\000o}{chapter.7}% 41
\BOOKMARK [2][-]{subsection.7.1.1}{\376\377\000H\000e\000t\000e\000r\000o\000g\000e\000n\000e\000i\000d\000a\000d\000\040\000A\000n\000t\000r\000o\000p\000o\000m\000\351\000t\000r\000i\000c\000a}{section.7.1}% 42
\BOOKMARK [1][-]{section.7.2}{\376\377\000V\000a\000r\000i\000a\000b\000l\000e\000\040\0001\000:\000\040\000A\000c\000t\000i\000v\000i\000d\000a\000d\000\040\000R\000e\000l\000a\000t\000i\000v\000a}{chapter.7}% 43
\BOOKMARK [2][-]{subsection.7.2.1}{\376\377\000D\000e\000f\000i\000n\000i\000c\000i\000\363\000n\000\040\000y\000\040\000J\000u\000s\000t\000i\000f\000i\000c\000a\000c\000i\000\363\000n}{section.7.2}% 44
\BOOKMARK [2][-]{subsection.7.2.2}{\376\377\000D\000i\000s\000t\000r\000i\000b\000u\000c\000i\000\363\000n\000\040\000y\000\040\000V\000a\000l\000i\000d\000a\000c\000i\000\363\000n}{section.7.2}% 45
\BOOKMARK [1][-]{section.7.3}{\376\377\000V\000a\000r\000i\000a\000b\000l\000e\000\040\0002\000:\000\040\000S\000u\000p\000e\000r\000\341\000v\000i\000t\000\040\000C\000a\000l\000\363\000r\000i\000c\000o\000\040\000B\000a\000s\000a\000l}{chapter.7}% 46
\BOOKMARK [2][-]{subsection.7.3.1}{\376\377\000C\000\341\000l\000c\000u\000l\000o\000\040\000d\000e\000\040\000T\000M\000B}{section.7.3}% 47
\BOOKMARK [2][-]{subsection.7.3.2}{\376\377\000D\000e\000f\000i\000n\000i\000c\000i\000\363\000n\000\040\000d\000e\000\040\000S\000u\000p\000e\000r\000\341\000v\000i\000t}{section.7.3}% 48
\BOOKMARK [1][-]{section.7.4}{\376\377\000V\000a\000r\000i\000a\000b\000l\000e\000s\000\040\0003\000\040\000y\000\040\0004\000:\000\040\000P\000e\000r\000f\000i\000l\000e\000s\000\040\000C\000a\000r\000d\000i\000o\000v\000a\000s\000c\000u\000l\000a\000r\000e\000s}{chapter.7}% 49
\BOOKMARK [2][-]{subsection.7.4.1}{\376\377\000D\000e\000l\000t\000a\000\040\000C\000a\000r\000d\000\355\000a\000c\000o}{section.7.4}% 50
\BOOKMARK [2][-]{subsection.7.4.2}{\376\377\000H\000R\000V\000\040\000S\000D\000N\000N}{section.7.4}% 51
\BOOKMARK [0][-]{chapter.8}{\376\377\000A\000g\000r\000e\000g\000a\000c\000i\000\363\000n\000\040\000T\000e\000m\000p\000o\000r\000a\000l\000\040\000y\000\040\000A\000n\000\341\000l\000i\000s\000i\000s\000\040\000D\000u\000a\000l\000\040\000d\000e\000\040\000V\000a\000r\000i\000a\000b\000i\000l\000i\000d\000a\000d}{}% 52
\BOOKMARK [1][-]{section.8.1}{\376\377\000J\000u\000s\000t\000i\000f\000i\000c\000a\000c\000i\000\363\000n\000\040\000d\000e\000\040\000l\000a\000\040\000A\000g\000r\000e\000g\000a\000c\000i\000\363\000n\000\040\000S\000e\000m\000a\000n\000a\000l}{chapter.8}% 53
\BOOKMARK [2][-]{subsection.8.1.1}{\376\377\000V\000e\000n\000t\000a\000n\000a\000\040\000d\000e\000\040\000A\000g\000r\000e\000g\000a\000c\000i\000\363\000n}{section.8.1}% 54
\BOOKMARK [1][-]{section.8.2}{\376\377\000E\000s\000t\000a\000d\000\355\000s\000t\000i\000c\000o\000s\000\040\000C\000a\000l\000c\000u\000l\000a\000d\000o\000s\000\040\000p\000o\000r\000\040\000S\000e\000m\000a\000n\000a}{chapter.8}% 55
\BOOKMARK [1][-]{section.8.3}{\376\377\000A\000n\000\341\000l\000i\000s\000i\000s\000\040\000D\000u\000a\000l\000\040\000d\000e\000\040\000V\000a\000r\000i\000a\000b\000i\000l\000i\000d\000a\000d}{chapter.8}% 56
\BOOKMARK [2][-]{subsection.8.3.1}{\376\377\000D\000e\000f\000i\000n\000i\000c\000i\000\363\000n\000\040\000d\000e\000\040\000V\000a\000r\000i\000a\000b\000i\000l\000i\000d\000a\000d\000\040\000O\000b\000s\000e\000r\000v\000a\000d\000a\000\040\000v\000s\000\040\000O\000p\000e\000r\000a\000t\000i\000v\000a}{section.8.3}% 57
\BOOKMARK [2][-]{subsection.8.3.2}{\376\377\000C\000o\000m\000p\000a\000r\000a\000c\000i\000\363\000n\000\040\000O\000b\000s\000e\000r\000v\000a\000d\000a\000\040\000v\000s\000\040\000O\000p\000e\000r\000a\000t\000i\000v\000a}{section.8.3}% 58
\BOOKMARK [2][-]{subsection.8.3.3}{\376\377\000G\000r\000\341\000f\000i\000c\000o\000s\000\040\000d\000e\000\040\000V\000a\000r\000i\000a\000b\000i\000l\000i\000d\000a\000d}{section.8.3}% 59
\BOOKMARK [1][-]{section.8.4}{\376\377\000A\000g\000r\000e\000g\000a\000c\000i\000\363\000n\000\040\000S\000e\000m\000a\000n\000a\000l\000:\000\040\000R\000e\000s\000u\000l\000t\000a\000d\000o\000s\000\040\000F\000i\000n\000a\000l\000e\000s}{chapter.8}% 60
\BOOKMARK [0][-]{chapter.9}{\376\377\000A\000n\000\341\000l\000i\000s\000i\000s\000\040\000d\000e\000\040\000C\000o\000r\000r\000e\000l\000a\000c\000i\000\363\000n\000,\000\040\000M\000u\000l\000t\000i\000c\000o\000l\000i\000n\000e\000a\000l\000i\000d\000a\000d\000\040\000y\000\040\000R\000e\000d\000u\000c\000c\000i\000\363\000n\000\040\000D\000i\000m\000e\000n\000s\000i\000o\000n\000a\000l\000\040\000\050\000P\000C\000A\000\051}{}% 61
\BOOKMARK [1][-]{section.9.1}{\376\377\000A\000n\000\341\000l\000i\000s\000i\000s\000\040\000d\000e\000\040\000C\000o\000r\000r\000e\000l\000a\000c\000i\000\363\000n\000\040\000e\000n\000t\000r\000e\000\040\000V\000a\000r\000i\000a\000b\000l\000e\000s\000\040\000S\000e\000m\000a\000n\000a\000l\000e\000s}{chapter.9}% 62
\BOOKMARK [2][-]{subsection.9.1.1}{\376\377\000M\000a\000t\000r\000i\000z\000\040\000d\000e\000\040\000C\000o\000r\000r\000e\000l\000a\000c\000i\000\363\000n}{section.9.1}% 63
\BOOKMARK [2][-]{subsection.9.1.2}{\376\377\000M\000a\000t\000r\000i\000c\000e\000s\000\040\000d\000e\000\040\000C\000o\000r\000r\000e\000l\000a\000c\000i\000\363\000n\000\040\000p\000o\000r\000\040\000U\000s\000u\000a\000r\000i\000o}{section.9.1}% 64
\BOOKMARK [1][-]{section.9.2}{\376\377\000A\000n\000\341\000l\000i\000s\000i\000s\000\040\000d\000e\000\040\000M\000u\000l\000t\000i\000c\000o\000l\000i\000n\000e\000a\000l\000i\000d\000a\000d\000\040\000\050\000V\000I\000F\000\051}{chapter.9}% 65
\BOOKMARK [2][-]{subsection.9.2.1}{\376\377\000F\000a\000c\000t\000o\000r\000\040\000d\000e\000\040\000I\000n\000f\000l\000a\000c\000i\000\363\000n\000\040\000d\000e\000\040\000l\000a\000\040\000V\000a\000r\000i\000a\000n\000z\000a}{section.9.2}% 66
\BOOKMARK [1][-]{section.9.3}{\376\377\000A\000n\000\341\000l\000i\000s\000i\000s\000\040\000d\000e\000\040\000C\000o\000m\000p\000o\000n\000e\000n\000t\000e\000s\000\040\000P\000r\000i\000n\000c\000i\000p\000a\000l\000e\000s\000\040\000\050\000P\000C\000A\000\051}{chapter.9}% 67
\BOOKMARK [2][-]{subsection.9.3.1}{\376\377\000R\000e\000d\000u\000c\000c\000i\000\363\000n\000\040\000D\000i\000m\000e\000n\000s\000i\000o\000n\000a\000l\000\040\000y\000\040\000V\000i\000s\000u\000a\000l\000i\000z\000a\000c\000i\000\363\000n}{section.9.3}% 68
\BOOKMARK [0][-]{chapter.10}{\376\377\000C\000l\000u\000s\000t\000e\000r\000i\000n\000g\000\040\000N\000o\000\040\000S\000u\000p\000e\000r\000v\000i\000s\000a\000d\000o\000:\000\040\000V\000e\000r\000d\000a\000d\000\040\000O\000p\000e\000r\000a\000t\000i\000v\000a\000\040\000\050\000K\000-\000M\000e\000a\000n\000s\000,\000\040\000K\000=\0002\000\051}{}% 69
\BOOKMARK [1][-]{section.10.1}{\376\377\000J\000u\000s\000t\000i\000f\000i\000c\000a\000c\000i\000\363\000n\000\040\000d\000e\000l\000\040\000C\000l\000u\000s\000t\000e\000r\000i\000n\000g\000\040\000c\000o\000m\000o\000\040\000V\000e\000r\000d\000a\000d\000\040\000O\000p\000e\000r\000a\000t\000i\000v\000a}{chapter.10}% 70
\BOOKMARK [2][-]{subsection.10.1.1}{\376\377\000S\000e\000l\000e\000c\000c\000i\000\363\000n\000\040\000d\000e\000l\000\040\000A\000l\000g\000o\000r\000i\000t\000m\000o}{section.10.1}% 71
\BOOKMARK [1][-]{section.10.2}{\376\377\000B\000a\000r\000r\000i\000d\000o\000\040\000d\000e\000\040\000K\000\040\000\050\000K\000-\000S\000w\000e\000e\000p\000\051\000\040\000y\000\040\000S\000e\000l\000e\000c\000c\000i\000\363\000n\000\040\000d\000e\000l\000\040\000N\000\372\000m\000e\000r\000o\000\040\000\323\000p\000t\000i\000m\000o\000\040\000d\000e\000\040\000C\000l\000u\000s\000t\000e\000r\000s}{chapter.10}% 72
\BOOKMARK [1][-]{section.10.3}{\376\377\000P\000e\000r\000f\000i\000l\000e\000s\000\040\000d\000e\000\040\000C\000l\000u\000s\000t\000e\000r\000:\000\040\000A\000n\000\341\000l\000i\000s\000i\000s\000\040\000E\000s\000t\000a\000d\000\355\000s\000t\000i\000c\000o\000\040\000D\000e\000t\000a\000l\000l\000a\000d\000o}{chapter.10}% 73
\BOOKMARK [2][-]{subsection.10.3.1}{\376\377\000A\000s\000i\000g\000n\000a\000c\000i\000\363\000n\000\040\000d\000e\000\040\000E\000t\000i\000q\000u\000e\000t\000a\000s\000\040\000C\000l\000\355\000n\000i\000c\000a\000s}{section.10.3}% 74
\BOOKMARK [2][-]{subsection.10.3.2}{\376\377\000E\000s\000t\000a\000d\000\355\000s\000t\000i\000c\000o\000s\000\040\000D\000e\000s\000c\000r\000i\000p\000t\000i\000v\000o\000s\000\040\000p\000o\000r\000\040\000C\000l\000u\000s\000t\000e\000r}{section.10.3}% 75
\BOOKMARK [2][-]{subsection.10.3.3}{\376\377\000P\000r\000u\000e\000b\000a\000s\000\040\000d\000e\000\040\000C\000o\000m\000p\000a\000r\000a\000c\000i\000\363\000n\000\040\000E\000s\000t\000a\000d\000\355\000s\000t\000i\000c\000a}{section.10.3}% 76
\BOOKMARK [0][-]{chapter.11}{\376\377\000S\000i\000s\000t\000e\000m\000a\000\040\000d\000e\000\040\000I\000n\000f\000e\000r\000e\000n\000c\000i\000a\000\040\000D\000i\000f\000u\000s\000a\000\040\000M\000a\000m\000d\000a\000n\000i}{}% 77
\BOOKMARK [1][-]{section.11.1}{\376\377\000D\000i\000s\000e\000\361\000o\000\040\000d\000e\000l\000\040\000S\000i\000s\000t\000e\000m\000a\000\040\000d\000e\000\040\000I\000n\000f\000e\000r\000e\000n\000c\000i\000a\000\040\000D\000i\000f\000u\000s\000a}{chapter.11}% 78
\BOOKMARK [2][-]{subsection.11.1.1}{\376\377\000A\000r\000q\000u\000i\000t\000e\000c\000t\000u\000r\000a\000\040\000G\000e\000n\000e\000r\000a\000l}{section.11.1}% 79
\BOOKMARK [1][-]{section.11.2}{\376\377\000F\000u\000n\000c\000i\000o\000n\000e\000s\000\040\000d\000e\000\040\000P\000e\000r\000t\000e\000n\000e\000n\000c\000i\000a\000\040\000\050\000M\000e\000m\000b\000e\000r\000s\000h\000i\000p\000\040\000F\000u\000n\000c\000t\000i\000o\000n\000s\000\051}{chapter.11}% 80
\BOOKMARK [2][-]{subsection.11.2.1}{\376\377\000D\000i\000s\000e\000\361\000o\000\040\000d\000e\000\040\000M\000F\000\040\000T\000r\000i\000a\000n\000g\000u\000l\000a\000r\000e\000s\000\040\000B\000a\000s\000a\000d\000a\000s\000\040\000e\000n\000\040\000P\000e\000r\000c\000e\000n\000t\000i\000l\000e\000s}{section.11.2}% 81
\BOOKMARK [1][-]{section.11.3}{\376\377\000B\000a\000s\000e\000\040\000d\000e\000\040\000R\000e\000g\000l\000a\000s\000\040\000D\000i\000f\000u\000s\000a\000s}{chapter.11}% 82
\BOOKMARK [2][-]{subsection.11.3.1}{\376\377\000R\000e\000g\000l\000a\000s\000\040\000C\000l\000\355\000n\000i\000c\000a\000s\000\040\000I\000F\000-\000T\000H\000E\000N}{section.11.3}% 83
\BOOKMARK [2][-]{subsection.11.3.2}{\376\377\000F\000o\000r\000m\000a\000l\000i\000z\000a\000c\000i\000\363\000n\000\040\000M\000a\000t\000r\000i\000c\000i\000a\000l}{section.11.3}% 84
\BOOKMARK [1][-]{section.11.4}{\376\377\000P\000r\000o\000c\000e\000s\000o\000\040\000d\000e\000\040\000I\000n\000f\000e\000r\000e\000n\000c\000i\000a\000\040\000M\000a\000m\000d\000a\000n\000i}{chapter.11}% 85
\BOOKMARK [2][-]{subsection.11.4.1}{\376\377\000P\000a\000s\000o\000\040\0001\000:\000\040\000F\000u\000z\000z\000i\000f\000i\000c\000a\000c\000i\000\363\000n}{section.11.4}% 86
\BOOKMARK [2][-]{subsection.11.4.2}{\376\377\000P\000a\000s\000o\000\040\0002\000:\000\040\000A\000c\000t\000i\000v\000a\000c\000i\000\363\000n\000\040\000d\000e\000\040\000R\000e\000g\000l\000a\000s\000\040\000\050\000A\000N\000D\000\040\000=\000\040\000m\000\355\000n\000i\000m\000o\000\051}{section.11.4}% 87
\BOOKMARK [2][-]{subsection.11.4.3}{\376\377\000P\000a\000s\000o\000\040\0003\000:\000\040\000A\000g\000r\000e\000g\000a\000c\000i\000\363\000n}{section.11.4}% 88
\BOOKMARK [2][-]{subsection.11.4.4}{\376\377\000P\000a\000s\000o\000\040\0004\000:\000\040\000D\000e\000f\000u\000z\000z\000i\000f\000i\000c\000a\000c\000i\000\363\000n\000\040\000\050\000C\000e\000n\000t\000r\000o\000i\000d\000e\000\040\000D\000i\000s\000c\000r\000e\000t\000o\000\051}{section.11.4}% 89
\BOOKMARK [2][-]{subsection.11.4.5}{\376\377\000P\000a\000s\000o\000\040\0005\000:\000\040\000B\000i\000n\000a\000r\000i\000z\000a\000c\000i\000\363\000n}{section.11.4}% 90
\BOOKMARK [0][-]{chapter.12}{\376\377\000V\000a\000l\000i\000d\000a\000c\000i\000\363\000n\000\040\000C\000r\000u\000z\000a\000d\000a\000\040\000y\000\040\000A\000n\000\341\000l\000i\000s\000i\000s\000\040\000d\000e\000\040\000R\000o\000b\000u\000s\000t\000e\000z}{}% 91
\BOOKMARK [1][-]{section.12.1}{\376\377\000V\000a\000l\000i\000d\000a\000c\000i\000\363\000n\000\040\000p\000o\000r\000\040\000C\000o\000n\000c\000o\000r\000d\000a\000n\000c\000i\000a\000:\000\040\000F\000u\000z\000z\000y\000\040\000v\000s\000\040\000C\000l\000u\000s\000t\000e\000r\000i\000n\000g}{chapter.12}% 92
\BOOKMARK [2][-]{subsection.12.1.1}{\376\377\000M\000\351\000t\000r\000i\000c\000a\000s\000\040\000d\000e\000\040\000D\000e\000s\000e\000m\000p\000e\000\361\000o}{section.12.1}% 93
\BOOKMARK [1][-]{section.12.2}{\376\377\000V\000a\000l\000i\000d\000a\000c\000i\000\363\000n\000\040\000C\000r\000u\000z\000a\000d\000a\000\040\000L\000e\000a\000v\000e\000-\000O\000n\000e\000-\000U\000s\000e\000r\000-\000O\000u\000t\000\040\000\050\000L\000O\000U\000O\000\051}{chapter.12}% 94
\BOOKMARK [2][-]{subsection.12.2.1}{\376\377\000J\000u\000s\000t\000i\000f\000i\000c\000a\000c\000i\000\363\000n\000\040\000d\000e\000\040\000L\000O\000U\000O}{section.12.2}% 95
\BOOKMARK [1][-]{section.12.3}{\376\377\000A\000n\000\341\000l\000i\000s\000i\000s\000\040\000d\000e\000\040\000S\000e\000n\000s\000i\000b\000i\000l\000i\000d\000a\000d}{chapter.12}% 96
\BOOKMARK [2][-]{subsection.12.3.1}{\376\377\000S\000e\000n\000s\000i\000b\000i\000l\000i\000d\000a\000d\000\040\000a\000l\000\040\000U\000m\000b\000r\000a\000l\000\040}{section.12.3}% 97
\BOOKMARK [2][-]{subsection.12.3.2}{\376\377\000S\000e\000n\000s\000i\000b\000i\000l\000i\000d\000a\000d\000\040\000a\000\040\000P\000a\000r\000\341\000m\000e\000t\000r\000o\000s\000\040\000d\000e\000\040\000M\000F}{section.12.3}% 98
\BOOKMARK [1][-]{section.12.4}{\376\377\000A\000n\000\341\000l\000i\000s\000i\000s\000\040\000d\000e\000\040\000R\000o\000b\000u\000s\000t\000e\000z\000:\000\040\000M\000o\000d\000e\000l\000o\000\040\0004\000V\000\040\000v\000s\000\040\000M\000o\000d\000e\000l\000o\000\040\0002\000V}{chapter.12}% 99
\BOOKMARK [2][-]{subsection.12.4.1}{\376\377\000M\000o\000t\000i\000v\000a\000c\000i\000\363\000n\000\040\000d\000e\000l\000\040\000A\000n\000\341\000l\000i\000s\000i\000s}{section.12.4}% 100
\BOOKMARK [0][-]{chapter.13}{\376\377\000J\000u\000s\000t\000i\000f\000i\000c\000a\000c\000i\000\363\000n\000\040\000M\000e\000t\000o\000d\000o\000l\000\363\000g\000i\000c\000a\000:\000\040\000P\000o\000r\000\040\000Q\000u\000\351\000\040\000N\000O\000\040\000S\000p\000l\000i\000t\000\040\000T\000r\000a\000i\000n\000/\000T\000e\000s\000t\000\040\0008\0000\000/\0002\0000}{}% 101
\BOOKMARK [1][-]{section.13.1}{\376\377\000P\000r\000o\000b\000l\000e\000m\000\341\000t\000i\000c\000a\000\040\000d\000e\000l\000\040\000S\000p\000l\000i\000t\000\040\000T\000r\000a\000d\000i\000c\000i\000o\000n\000a\000l\000\040\000e\000n\000\040\000D\000a\000t\000o\000s\000\040\000L\000o\000n\000g\000i\000t\000u\000d\000i\000n\000a\000l\000e\000s}{chapter.13}% 102
\BOOKMARK [1][-]{section.13.2}{\376\377\000R\000a\000z\000\363\000n\000\040\0001\000:\000\040\000F\000u\000g\000a\000\040\000T\000e\000m\000p\000o\000r\000a\000l\000\040\000\050\000T\000e\000m\000p\000o\000r\000a\000l\000\040\000L\000e\000a\000k\000a\000g\000e\000\051}{chapter.13}% 103
\BOOKMARK [2][-]{subsection.13.2.1}{\376\377\000N\000a\000t\000u\000r\000a\000l\000e\000z\000a\000\040\000d\000e\000\040\000l\000o\000s\000\040\000D\000a\000t\000o\000s}{section.13.2}% 104
\BOOKMARK [1][-]{section.13.3}{\376\377\000R\000a\000z\000\363\000n\000\040\0002\000:\000\040\000I\000n\000s\000u\000f\000i\000c\000i\000e\000n\000c\000i\000a\000\040\000d\000e\000\040\000P\000o\000d\000e\000r\000\040\000E\000s\000t\000a\000d\000\355\000s\000t\000i\000c\000o}{chapter.13}% 105
\BOOKMARK [2][-]{subsection.13.3.1}{\376\377\000S\000p\000l\000i\000t\000\040\000p\000o\000r\000\040\000U\000s\000u\000a\000r\000i\000o\000\040\000v\000s\000\040\000S\000p\000l\000i\000t\000\040\000p\000o\000r\000\040\000S\000e\000m\000a\000n\000a\000s}{section.13.3}% 106
\BOOKMARK [1][-]{section.13.4}{\376\377\000R\000a\000z\000\363\000n\000\040\0003\000:\000\040\000O\000b\000j\000e\000t\000i\000v\000o\000\040\000D\000e\000s\000c\000r\000i\000p\000t\000i\000v\000o\000\040\000v\000s\000\040\000P\000r\000e\000d\000i\000c\000t\000i\000v\000o}{chapter.13}% 107
\BOOKMARK [2][-]{subsection.13.4.1}{\376\377\000N\000a\000t\000u\000r\000a\000l\000e\000z\000a\000\040\000d\000e\000l\000\040\000E\000s\000t\000u\000d\000i\000o}{section.13.4}% 108
\BOOKMARK [1][-]{section.13.5}{\376\377\000A\000l\000t\000e\000r\000n\000a\000t\000i\000v\000a\000s\000\040\000M\000e\000t\000o\000d\000o\000l\000\363\000g\000i\000c\000a\000s\000\040\000I\000m\000p\000l\000e\000m\000e\000n\000t\000a\000d\000a\000s}{chapter.13}% 109
\BOOKMARK [2][-]{subsection.13.5.1}{\376\377\000E\000s\000t\000r\000a\000t\000e\000g\000i\000a\000\040\000d\000e\000\040\000V\000a\000l\000i\000d\000a\000c\000i\000\363\000n\000\040\000A\000d\000o\000p\000t\000a\000d\000a}{section.13.5}% 110
\BOOKMARK [2][-]{subsection.13.5.2}{\376\377\000L\000e\000a\000v\000e\000-\000O\000n\000e\000-\000U\000s\000e\000r\000-\000O\000u\000t\000\040\000\050\000L\000O\000U\000O\000\051\000\040\000C\000r\000o\000s\000s\000-\000V\000a\000l\000i\000d\000a\000t\000i\000o\000n}{section.13.5}% 111
\BOOKMARK [1][-]{section.13.6}{\376\377\000R\000e\000s\000u\000m\000e\000n\000\040\000d\000e\000\040\000D\000e\000f\000e\000n\000s\000a\000\040\000M\000e\000t\000o\000d\000o\000l\000\363\000g\000i\000c\000a}{chapter.13}% 112
